[02:15:59] [main/INFO]: Loaded 0 recipes
[02:15:59] [Server thread/INFO]: Starting minecraft server version 1.13.1
[02:15:59] [Server thread/INFO]: Loading properties
[02:15:59] [Server thread/INFO]: Default game type: SURVIVAL
[02:16:00] [Server thread/INFO]: This server is running CraftBukkit version git-Spigot-f6a273b-68588da (MC: 1.13.1) (Implementing API version 1.13.1-R0.1-SNAPSHOT)
[02:16:00] [Server thread/INFO]: Server Ping Player Sample Count: 12
[02:16:00] [Server thread/INFO]: Using 4 threads for Netty based IO
[02:16:00] [Server thread/INFO]: Debug logging is disabled
[02:16:00] [Server thread/INFO]: Generating keypair
[02:16:02] [Server thread/INFO]: Starting Minecraft server on *:25565
[02:16:02] [Server thread/INFO]: Using epoll channel type
[02:16:02] [Server thread/INFO]: **** Beginning UUID conversion, this may take A LONG time ****
[02:16:02] [Server thread/INFO]: Preparing level "world"
[02:16:03] [Server thread/INFO]: Found new data pack file/bukkit, loading it automatically
[02:16:03] [Server thread/INFO]: Found new data pack vanilla, loading it automatically
[02:16:03] [Server thread/INFO]: Reloading ResourceManager: Default, bukkit
[02:16:05] [Server thread/INFO]: Loaded 524 recipes
[02:16:06] [Server thread/INFO]: -------- World Settings For [world] --------
[02:16:06] [Server thread/INFO]: Mob Spawn Range: 6
[02:16:06] [Server thread/INFO]: Cactus Growth Modifier: 100%
[02:16:06] [Server thread/INFO]: Cane Growth Modifier: 100%
[02:16:06] [Server thread/INFO]: Melon Growth Modifier: 100%
[02:16:06] [Server thread/INFO]: Mushroom Growth Modifier: 100%
[02:16:06] [Server thread/INFO]: Pumpkin Growth Modifier: 100%
[02:16:06] [Server thread/INFO]: Sapling Growth Modifier: 100%
[02:16:06] [Server thread/INFO]: Wheat Growth Modifier: 100%
[02:16:06] [Server thread/INFO]: NetherWart Growth Modifier: 100%
[02:16:06] [Server thread/INFO]: Vine Growth Modifier: 100%
[02:16:06] [Server thread/INFO]: Cocoa Growth Modifier: 100%
[02:16:06] [Server thread/INFO]: Entity Activation Range: An 32 / Mo 32 / Mi 16 / Tiv true
[02:16:06] [Server thread/INFO]: Entity Tracking Range: Pl 48 / An 48 / Mo 48 / Mi 32 / Other 64
[02:16:06] [Server thread/INFO]: Hopper Transfer: 8 Hopper Check: 1 Hopper Amount: 1
[02:16:06] [Server thread/INFO]: Random Lighting Updates: false
[02:16:06] [Server thread/INFO]: Custom Map Seeds:  Village: 10387312 Desert: 14357617 Igloo: 14357618 Jungle: 14357619 Swamp: 14357620 Monument: 10387313Ocean: 14357621 Shipwreck: 165745295 Slime: 987234911
[02:16:06] [Server thread/INFO]: Max TNT Explosions: 100
[02:16:06] [Server thread/INFO]: Tile Max Tick Time: 50ms Entity max Tick Time: 50ms
[02:16:06] [Server thread/INFO]: Experience Merge Radius: 3.0
[02:16:06] [Server thread/INFO]: Item Despawn Rate: 6000
[02:16:06] [Server thread/INFO]: Item Merge Radius: 2.5
[02:16:06] [Server thread/INFO]: Allow Zombie Pigmen to spawn from portal blocks: true
[02:16:06] [Server thread/INFO]: View Distance: 10
[02:16:06] [Server thread/INFO]: Arrow Despawn Rate: 1200
[02:16:06] [Server thread/INFO]: Zombie Aggressive Towards Villager: true
[02:16:06] [Server thread/INFO]: Nerfing mobs spawned from spawners: false
[02:16:08] [Server thread/WARN]: Unable to find spawn biome
[02:16:57] [Server thread/INFO]: ---- Migration of old nether folder required ----
[02:16:57] [Server thread/INFO]: Unfortunately due to the way that Minecraft implemented multiworld support in 1.6, Bukkit requires that you move your nether folder to a new location in order to operate correctly.
[02:16:57] [Server thread/INFO]: We will move this folder for you, but it will mean that you need to move it back should you wish to stop using Bukkit in the future.
[02:16:57] [Server thread/INFO]: Attempting to move world/DIM-1 to world_nether/DIM-1...
[02:16:57] [Server thread/INFO]: Success! To restore nether in the future, simply move world_nether/DIM-1 to world/DIM-1
[02:16:57] [Server thread/WARN]: Unable to migrate world data.
[02:16:57] [Server thread/INFO]: ---- Migration of old nether folder complete ----
[02:16:57] [Server thread/INFO]: -------- World Settings For [world_nether] --------
[02:16:57] [Server thread/INFO]: Mob Spawn Range: 6
[02:16:57] [Server thread/INFO]: Cactus Growth Modifier: 100%
[02:16:57] [Server thread/INFO]: Cane Growth Modifier: 100%
[02:16:57] [Server thread/INFO]: Melon Growth Modifier: 100%
[02:16:57] [Server thread/INFO]: Mushroom Growth Modifier: 100%
[02:16:57] [Server thread/INFO]: Pumpkin Growth Modifier: 100%
[02:16:57] [Server thread/INFO]: Sapling Growth Modifier: 100%
[02:16:57] [Server thread/INFO]: Wheat Growth Modifier: 100%
[02:16:57] [Server thread/INFO]: NetherWart Growth Modifier: 100%
[02:16:57] [Server thread/INFO]: Vine Growth Modifier: 100%
[02:16:57] [Server thread/INFO]: Cocoa Growth Modifier: 100%
[02:16:57] [Server thread/INFO]: Entity Activation Range: An 32 / Mo 32 / Mi 16 / Tiv true
[02:16:57] [Server thread/INFO]: Entity Tracking Range: Pl 48 / An 48 / Mo 48 / Mi 32 / Other 64
[02:16:57] [Server thread/INFO]: Hopper Transfer: 8 Hopper Check: 1 Hopper Amount: 1
[02:16:57] [Server thread/INFO]: Random Lighting Updates: false
[02:16:57] [Server thread/INFO]: Custom Map Seeds:  Village: 10387312 Desert: 14357617 Igloo: 14357618 Jungle: 14357619 Swamp: 14357620 Monument: 10387313Ocean: 14357621 Shipwreck: 165745295 Slime: 987234911
[02:16:57] [Server thread/INFO]: Max TNT Explosions: 100
[02:16:57] [Server thread/INFO]: Tile Max Tick Time: 50ms Entity max Tick Time: 50ms
[02:16:57] [Server thread/INFO]: Experience Merge Radius: 3.0
[02:16:57] [Server thread/INFO]: Item Despawn Rate: 6000
[02:16:57] [Server thread/INFO]: Item Merge Radius: 2.5
[02:16:57] [Server thread/INFO]: Allow Zombie Pigmen to spawn from portal blocks: true
[02:16:57] [Server thread/INFO]: View Distance: 10
[02:16:57] [Server thread/INFO]: Arrow Despawn Rate: 1200
[02:16:57] [Server thread/INFO]: Zombie Aggressive Towards Villager: true
[02:16:57] [Server thread/INFO]: Nerfing mobs spawned from spawners: false
[02:16:57] [Server thread/INFO]: ---- Migration of old the_end folder required ----
[02:16:57] [Server thread/INFO]: Unfortunately due to the way that Minecraft implemented multiworld support in 1.6, Bukkit requires that you move your the_end folder to a new location in order to operate correctly.
[02:16:57] [Server thread/INFO]: We will move this folder for you, but it will mean that you need to move it back should you wish to stop using Bukkit in the future.
[02:16:57] [Server thread/INFO]: Attempting to move world/DIM1 to world_the_end/DIM1...
[02:16:57] [Server thread/INFO]: Success! To restore the_end in the future, simply move world_the_end/DIM1 to world/DIM1
[02:16:57] [Server thread/WARN]: Unable to migrate world data.
[02:16:57] [Server thread/INFO]: ---- Migration of old the_end folder complete ----
[02:16:57] [Server thread/INFO]: -------- World Settings For [world_the_end] --------
[02:16:57] [Server thread/INFO]: Mob Spawn Range: 6
[02:16:57] [Server thread/INFO]: Cactus Growth Modifier: 100%
[02:16:57] [Server thread/INFO]: Cane Growth Modifier: 100%
[02:16:57] [Server thread/INFO]: Melon Growth Modifier: 100%
[02:16:57] [Server thread/INFO]: Mushroom Growth Modifier: 100%
[02:16:57] [Server thread/INFO]: Pumpkin Growth Modifier: 100%
[02:16:57] [Server thread/INFO]: Sapling Growth Modifier: 100%
[02:16:57] [Server thread/INFO]: Wheat Growth Modifier: 100%
[02:16:57] [Server thread/INFO]: NetherWart Growth Modifier: 100%
[02:16:57] [Server thread/INFO]: Vine Growth Modifier: 100%
[02:16:57] [Server thread/INFO]: Cocoa Growth Modifier: 100%
[02:16:57] [Server thread/INFO]: Entity Activation Range: An 32 / Mo 32 / Mi 16 / Tiv true
[02:16:57] [Server thread/INFO]: Entity Tracking Range: Pl 48 / An 48 / Mo 48 / Mi 32 / Other 64
[02:16:57] [Server thread/INFO]: Hopper Transfer: 8 Hopper Check: 1 Hopper Amount: 1
[02:16:57] [Server thread/INFO]: Random Lighting Updates: false
[02:16:57] [Server thread/INFO]: Custom Map Seeds:  Village: 10387312 Desert: 14357617 Igloo: 14357618 Jungle: 14357619 Swamp: 14357620 Monument: 10387313Ocean: 14357621 Shipwreck: 165745295 Slime: 987234911
[02:16:57] [Server thread/INFO]: Max TNT Explosions: 100
[02:16:57] [Server thread/INFO]: Tile Max Tick Time: 50ms Entity max Tick Time: 50ms
[02:16:57] [Server thread/INFO]: Experience Merge Radius: 3.0
[02:16:57] [Server thread/INFO]: Item Despawn Rate: 6000
[02:16:57] [Server thread/INFO]: Item Merge Radius: 2.5
[02:16:57] [Server thread/INFO]: Allow Zombie Pigmen to spawn from portal blocks: true
[02:16:57] [Server thread/INFO]: View Distance: 10
[02:16:57] [Server thread/INFO]: Arrow Despawn Rate: 1200
[02:16:57] [Server thread/INFO]: Zombie Aggressive Towards Villager: true
[02:16:57] [Server thread/INFO]: Nerfing mobs spawned from spawners: false
[02:16:57] [Server thread/INFO]: Preparing start region for level minecraft:overworld (Seed: 4604441708101283632)
[02:17:04] [Server thread/INFO]: Preparing spawn area: 4%
[02:17:06] [Server thread/INFO]: Preparing spawn area: 8%
[02:17:07] [Server thread/INFO]: Preparing spawn area: 12%
[02:17:08] [Server thread/INFO]: Preparing spawn area: 16%
[02:17:10] [Server thread/INFO]: Preparing spawn area: 20%
[02:17:10] [Server thread/INFO]: Preparing spawn area: 24%
[02:17:11] [Server thread/INFO]: Preparing spawn area: 28%
[02:17:12] [Server thread/INFO]: Preparing spawn area: 32%
[02:17:13] [Server thread/INFO]: Preparing spawn area: 36%
[02:17:13] [Server thread/INFO]: Preparing spawn area: 40%
[02:17:13] [Server thread/INFO]: Preparing spawn area: 44%
[02:17:14] [Server thread/INFO]: Preparing spawn area: 48%
[02:17:14] [Server thread/INFO]: Preparing spawn area: 52%
[02:17:14] [Server thread/INFO]: Preparing spawn area: 56%
[02:17:14] [Server thread/INFO]: Preparing spawn area: 60%
[02:17:15] [Server thread/INFO]: Preparing spawn area: 64%
[02:17:15] [Server thread/INFO]: Preparing spawn area: 68%
[02:17:15] [Server thread/INFO]: Preparing spawn area: 72%
[02:17:16] [Server thread/INFO]: Preparing spawn area: 76%
[02:17:16] [Server thread/INFO]: Preparing spawn area: 80%
[02:17:16] [Server thread/INFO]: Preparing spawn area: 84%
[02:17:16] [Server thread/INFO]: Preparing spawn area: 88%
[02:17:17] [Server thread/INFO]: Preparing spawn area: 92%
[02:17:17] [Server thread/INFO]: Preparing spawn area: 96%
[02:17:17] [Server thread/INFO]: Preparing spawn area: 100%
[02:17:17] [Server thread/INFO]: Preparing start region for level minecraft:the_nether (Seed: 4604441708101283632)
[02:17:20] [Server thread/INFO]: Preparing spawn area: 4%
[02:17:21] [Server thread/INFO]: Preparing spawn area: 8%
[02:17:22] [Server thread/INFO]: Preparing spawn area: 12%
[02:17:22] [Server thread/INFO]: Preparing spawn area: 16%
[02:17:23] [Server thread/INFO]: Preparing spawn area: 20%
[02:17:23] [Server thread/INFO]: Preparing spawn area: 24%
[02:17:24] [Server thread/INFO]: Preparing spawn area: 28%
[02:17:25] [Server thread/INFO]: Preparing spawn area: 32%
[02:17:25] [Server thread/INFO]: Preparing spawn area: 36%
[02:17:26] [Server thread/INFO]: Preparing spawn area: 40%
[02:17:26] [Server thread/INFO]: Preparing spawn area: 44%
[02:17:27] [Server thread/INFO]: Preparing spawn area: 48%
[02:17:27] [Server thread/INFO]: Preparing spawn area: 52%
[02:17:28] [Server thread/INFO]: Preparing spawn area: 56%
[02:17:28] [Server thread/INFO]: Preparing spawn area: 60%
[02:17:29] [Server thread/INFO]: Preparing spawn area: 64%
[02:17:29] [Server thread/INFO]: Preparing spawn area: 68%
[02:17:30] [Server thread/INFO]: Preparing spawn area: 72%
[02:17:30] [Server thread/INFO]: Preparing spawn area: 76%
[02:17:30] [Server thread/INFO]: Preparing spawn area: 80%
[02:17:31] [Server thread/INFO]: Preparing spawn area: 84%
[02:17:31] [Server thread/INFO]: Preparing spawn area: 88%
[02:17:32] [Server thread/INFO]: Preparing spawn area: 92%
[02:17:32] [Server thread/INFO]: Preparing spawn area: 96%
[02:17:33] [Server thread/INFO]: Preparing spawn area: 100%
[02:17:33] [Server thread/INFO]: Preparing start region for level minecraft:the_end (Seed: 4604441708101283632)
[02:17:33] [Server thread/INFO]: Preparing spawn area: 4%
[02:17:34] [Server thread/INFO]: Preparing spawn area: 8%
[02:17:34] [Server thread/INFO]: Preparing spawn area: 12%
[02:17:34] [Server thread/INFO]: Preparing spawn area: 16%
[02:17:34] [Server thread/INFO]: Preparing spawn area: 20%
[02:17:34] [Server thread/INFO]: Preparing spawn area: 24%
[02:17:34] [Server thread/INFO]: Preparing spawn area: 28%
[02:17:34] [Server thread/INFO]: Preparing spawn area: 32%
[02:17:34] [Server thread/INFO]: Preparing spawn area: 36%
[02:17:35] [Server thread/INFO]: Preparing spawn area: 40%
[02:17:35] [Server thread/INFO]: Preparing spawn area: 44%
[02:17:35] [Server thread/INFO]: Preparing spawn area: 48%
[02:17:35] [Server thread/INFO]: Preparing spawn area: 52%
[02:17:35] [Server thread/INFO]: Preparing spawn area: 56%
[02:17:35] [Server thread/INFO]: Preparing spawn area: 60%
[02:17:35] [Server thread/INFO]: Preparing spawn area: 64%
[02:17:36] [Server thread/INFO]: Preparing spawn area: 68%
[02:17:36] [Server thread/INFO]: Preparing spawn area: 72%
[02:17:36] [Server thread/INFO]: Preparing spawn area: 76%
[02:17:36] [Server thread/INFO]: Preparing spawn area: 80%
[02:17:37] [Server thread/INFO]: Preparing spawn area: 84%
[02:17:37] [Server thread/INFO]: Preparing spawn area: 88%
[02:17:37] [Server thread/INFO]: Preparing spawn area: 92%
[02:17:37] [Server thread/INFO]: Preparing spawn area: 96%
[02:17:37] [Server thread/INFO]: Preparing spawn area: 100%
[02:17:37] [Server thread/INFO]: Time elapsed: 39844 ms
[02:17:37] [Server thread/INFO]: Server permissions file permissions.yml is empty, ignoring it
[02:17:37] [Server thread/INFO]: Done (94.542s)! For help, type "help"
[02:18:12] [Server thread/INFO]: Stopping the server
[02:18:12] [Server thread/INFO]: Stopping server
[02:18:12] [Server thread/INFO]: Saving players
[02:18:12] [Server thread/INFO]: Saving worlds
[02:18:12] [Server thread/INFO]: Saving chunks for level 'world'/minecraft:overworld
[02:18:14] [Server thread/INFO]: Saving chunks for level 'world_nether'/minecraft:the_nether
[02:18:16] [Server thread/INFO]: Saving chunks for level 'world_the_end'/minecraft:the_end
